[INF]  User profile is available. Using 'C:\Users\dell\AppData\Local\ASP.NET\DataProtection-Keys' as key repository and Windows DPAPI to encrypt keys at rest. 
[INF]  Now listening on: https://localhost:7263 
[INF]  Now listening on: http://localhost:5263 
[INF]  Application started. Press Ctrl+C to shut down. 
[INF]  Hosting environment: Development 
[INF]  Content root path: C:\Users\dell\Desktop\RailWayCleanArchitecture\HRMSApp\HRMS\ 
[INF]  Request starting HTTP/2 GET https://localhost:7263/swagger/index.html - - 
[INF]  Request starting HTTP/2 GET https://localhost:7263/_framework/aspnetcore-browser-refresh.js - - 
[INF]  Request starting HTTP/2 GET https://localhost:7263/swagger/swagger-ui-bundle.js - - 
[INF]  Request starting HTTP/2 GET https://localhost:7263/swagger/swagger-ui-standalone-preset.js - - 
[INF]  Request finished HTTP/2 GET https://localhost:7263/_framework/aspnetcore-browser-refresh.js - - - 200 11974 application/javascript;+charset=utf-8 9.1086ms 
[INF]  Request finished HTTP/2 GET https://localhost:7263/swagger/index.html - - - 200 - text/html;charset=utf-8 3680.8082ms 
[INF]  Request starting HTTP/2 GET https://localhost:7263/swagger/swagger-ui.css - - 
[INF]  The file /swagger-ui-bundle.js was not modified 
[INF]  The file /swagger-ui.css was not modified 
[INF]  The file /swagger-ui-standalone-preset.js was not modified 
[INF]  Request finished HTTP/2 GET https://localhost:7263/swagger/swagger-ui-standalone-preset.js - - - 304 - application/javascript 627.1629ms 
[INF]  Request finished HTTP/2 GET https://localhost:7263/swagger/swagger-ui-bundle.js - - - 304 - application/javascript 627.6499ms 
[INF]  Request finished HTTP/2 GET https://localhost:7263/swagger/swagger-ui.css - - - 304 - text/css 221.3098ms 
[INF]  Request starting HTTP/2 GET https://localhost:7263/swagger/v1/swagger.json - - 
[INF]  Request starting HTTP/2 GET https://localhost:7263/swagger/favicon-32x32.png - - 
[INF]  Request finished HTTP/2 GET https://localhost:7263/swagger/v1/swagger.json - - - 200 - application/json;charset=utf-8 1514.5727ms 
[INF]  Sending file. Request path: '/favicon-32x32.png'. Physical path: 'N/A' 
[INF]  Request finished HTTP/2 GET https://localhost:7263/swagger/favicon-32x32.png - - - 200 628 image/png 781.0923ms 
[INF]  Request starting HTTP/2 GET https://localhost:7263/api/Employee - - 
[INF]  Executing endpoint 'HRMS.API.Controllers.EmployeeController.GetAll (HRMS.API)' 
[INF]  Route matched with {action = "GetAll", controller = "Employee"}. Executing controller action with signature System.Threading.Tasks.Task`1[Microsoft.AspNetCore.Mvc.IActionResult] GetAll() on controller HRMS.API.Controllers.EmployeeController (HRMS.API). 
[WRN]  No store type was specified for the decimal property 'Allowance' on entity type 'Leave'. This will cause values to be silently truncated if they do not fit in the default precision and scale. Explicitly specify the SQL server column type that can accommodate all the values in 'OnModelCreating' using 'HasColumnType', specify precision and scale using 'HasPrecision', or configure a value converter using 'HasConversion'. 
[INF]  Entity Framework Core 6.0.7 initialized 'HRMSDbContext' using provider 'Microsoft.EntityFrameworkCore.SqlServer:6.0.7' with options: None 
[INF]  Executed DbCommand (892ms) [Parameters=[], CommandType='"Text"', CommandTimeout='30']
SELECT [e].[Id], [e].[ConfirmedStatus], [e].[ContactAddress], [e].[ContractType], [e].[CreateDate], [e].[DOB], [e].[DateEmployed], [e].[DepartmentId], [e].[Email], [e].[FirstName], [e].[Gender], [e].[IsLock], [e].[JobRole], [e].[LastDatePromoted], [e].[LastModifyDate], [e].[ManagerId], [e].[NTry], [e].[Nationality], [e].[NextOfKingAddress], [e].[NextOfKingEmail], [e].[NextOfKingFirstName], [e].[NextOfKingPhoneNo], [e].[NextOfKingSurName], [e].[OtherName], [e].[PasswordHash], [e].[PasswordSalt], [e].[PhoneNo], [e].[Photo], [e].[RecievedOfferLetter], [e].[RefreshToken], [e].[Relationship], [e].[ResetToken], [e].[ResetTokenExpires], [e].[Role], [e].[SoftSkill], [e].[StaffId], [e].[StateOfOrigin], [e].[Surname], [e].[TechnicalSkill], [e].[VerificationToken], [e].[VerifiedAt], [e].[WorkType]
FROM [Employee] AS [e] 
[INF]  Executing OkObjectResult, writing value of type 'System.Collections.Generic.List`1[[HRMSapplication.Response.EmployeeResponse, HRMS.Application, Version=1.0.0.0, Culture=neutral, PublicKeyToken=null]]'. 
[INF]  Executed action HRMS.API.Controllers.EmployeeController.GetAll (HRMS.API) in 22904.3701ms 
[INF]  Executed endpoint 'HRMS.API.Controllers.EmployeeController.GetAll (HRMS.API)' 
[INF]  Request finished HTTP/2 GET https://localhost:7263/api/Employee - - - 200 - application/json;+charset=utf-8 42619.0113ms 
[INF]  Request starting HTTP/2 POST https://localhost:7263/api/Employee application/json 36 
[INF]  CORS policy execution successful. 
[INF]  Authorization failed. These requirements were not met:
RolesAuthorizationRequirement:User.IsInRole must be true for one of the following roles: (Admin) 
[INF]  AuthenticationScheme: Bearer was challenged. 
[INF]  Request finished HTTP/2 POST https://localhost:7263/api/Employee application/json 36 - 401 0 - 407.9385ms 
