[INF]  User profile is available. Using 'C:\Users\dell\AppData\Local\ASP.NET\DataProtection-Keys' as key repository and Windows DPAPI to encrypt keys at rest. 
[INF]  Now listening on: https://localhost:7263 
[INF]  Now listening on: http://localhost:5263 
[INF]  Application started. Press Ctrl+C to shut down. 
[INF]  Hosting environment: Development 
[INF]  Content root path: C:\Users\dell\Desktop\RailWayCleanArchitecture\HRMSApp\HRMS\ 
[INF]  Request starting HTTP/2 GET https://localhost:7263/swagger/index.html - - 
[INF]  Request starting HTTP/2 GET https://localhost:7263/_framework/aspnetcore-browser-refresh.js - - 
[INF]  Request finished HTTP/2 GET https://localhost:7263/swagger/index.html - - - 200 - text/html;charset=utf-8 3053.9315ms 
[INF]  Request finished HTTP/2 GET https://localhost:7263/_framework/aspnetcore-browser-refresh.js - - - 200 11974 application/javascript;+charset=utf-8 95.1601ms 
[INF]  Request starting HTTP/2 GET https://localhost:7263/swagger/swagger-ui-bundle.js - - 
[INF]  Request starting HTTP/2 GET https://localhost:7263/swagger/swagger-ui.css - - 
[INF]  Request starting HTTP/2 GET https://localhost:7263/swagger/swagger-ui-standalone-preset.js - - 
[INF]  The file /swagger-ui-standalone-preset.js was not modified 
[INF]  The file /swagger-ui-bundle.js was not modified 
[INF]  The file /swagger-ui.css was not modified 
[INF]  Request finished HTTP/2 GET https://localhost:7263/swagger/swagger-ui-standalone-preset.js - - - 304 - application/javascript 184.5772ms 
[INF]  Request finished HTTP/2 GET https://localhost:7263/swagger/swagger-ui-bundle.js - - - 304 - application/javascript 185.8490ms 
[INF]  Request finished HTTP/2 GET https://localhost:7263/swagger/swagger-ui.css - - - 304 - text/css 184.6100ms 
[INF]  Request starting HTTP/2 GET https://localhost:7263/swagger/v1/swagger.json - - 
[INF]  Request finished HTTP/2 GET https://localhost:7263/swagger/v1/swagger.json - - - 200 - application/json;charset=utf-8 1865.6520ms 
[INF]  Request starting HTTP/2 GET https://localhost:7263/api/Employee - - 
[INF]  Executing endpoint 'HRMS.API.Controllers.EmployeeController.GetAll (HRMS.API)' 
[INF]  Route matched with {action = "GetAll", controller = "Employee"}. Executing controller action with signature System.Threading.Tasks.Task`1[Microsoft.AspNetCore.Mvc.IActionResult] GetAll() on controller HRMS.API.Controllers.EmployeeController (HRMS.API). 
[WRN]  No store type was specified for the decimal property 'Allowance' on entity type 'Leave'. This will cause values to be silently truncated if they do not fit in the default precision and scale. Explicitly specify the SQL server column type that can accommodate all the values in 'OnModelCreating' using 'HasColumnType', specify precision and scale using 'HasPrecision', or configure a value converter using 'HasConversion'. 
[INF]  Entity Framework Core 6.0.7 initialized 'HRMSDbContext' using provider 'Microsoft.EntityFrameworkCore.SqlServer:6.0.7' with options: None 
[INF]  Executed DbCommand (227ms) [Parameters=[], CommandType='"Text"', CommandTimeout='30']
SELECT [e].[Id], [e].[ConfirmedStatus], [e].[ContactAddress], [e].[ContractType], [e].[CreateDate], [e].[DOB], [e].[DateEmployed], [e].[DepartmentId], [e].[Email], [e].[FirstName], [e].[Gender], [e].[IsLock], [e].[JobRole], [e].[LastDatePromoted], [e].[LastModifyDate], [e].[ManagerId], [e].[NTry], [e].[Nationality], [e].[NextOfKingAddress], [e].[NextOfKingEmail], [e].[NextOfKingFirstName], [e].[NextOfKingPhoneNo], [e].[NextOfKingSurName], [e].[OtherName], [e].[PasswordHash], [e].[PasswordSalt], [e].[PhoneNo], [e].[Photo], [e].[RecievedOfferLetter], [e].[RefreshToken], [e].[Relationship], [e].[ResetToken], [e].[ResetTokenExpires], [e].[Role], [e].[SoftSkill], [e].[StaffId], [e].[StateOfOrigin], [e].[Surname], [e].[TechnicalSkill], [e].[VerificationToken], [e].[VerifiedAt], [e].[WorkType]
FROM [Employee] AS [e] 
[INF]  Executing OkObjectResult, writing value of type 'System.Collections.Generic.List`1[[HRMSapplication.Response.EmployeeResponse, HRMS.Application, Version=1.0.0.0, Culture=neutral, PublicKeyToken=null]]'. 
[INF]  Executed action HRMS.API.Controllers.EmployeeController.GetAll (HRMS.API) in 5785.2919ms 
[INF]  Executed endpoint 'HRMS.API.Controllers.EmployeeController.GetAll (HRMS.API)' 
[INF]  Request finished HTTP/2 GET https://localhost:7263/api/Employee - - - 200 - application/json;+charset=utf-8 6354.7195ms 
[INF]  Request starting HTTP/2 GET https://localhost:7263/api/Employee/byId?Id=b1f78ccc-2ada-4435-a036-08da786c87d8 - - 
[INF]  Executing endpoint 'HRMS.API.Controllers.EmployeeController.GetEmployeeId (HRMS.API)' 
[INF]  Route matched with {action = "GetEmployeeId", controller = "Employee"}. Executing controller action with signature System.Threading.Tasks.Task`1[Microsoft.AspNetCore.Mvc.IActionResult] GetEmployeeId(System.Guid) on controller HRMS.API.Controllers.EmployeeController (HRMS.API). 
[INF]  Entity Framework Core 6.0.7 initialized 'HRMSDbContext' using provider 'Microsoft.EntityFrameworkCore.SqlServer:6.0.7' with options: None 
[INF]  Executed DbCommand (71ms) [Parameters=[@__request_Id_0='?' (DbType = Guid)], CommandType='"Text"', CommandTimeout='30']
SELECT [e].[Id], [e].[ConfirmedStatus], [e].[ContactAddress], [e].[ContractType], [e].[CreateDate], [e].[DOB], [e].[DateEmployed], [e].[DepartmentId], [e].[Email], [e].[FirstName], [e].[Gender], [e].[IsLock], [e].[JobRole], [e].[LastDatePromoted], [e].[LastModifyDate], [e].[ManagerId], [e].[NTry], [e].[Nationality], [e].[NextOfKingAddress], [e].[NextOfKingEmail], [e].[NextOfKingFirstName], [e].[NextOfKingPhoneNo], [e].[NextOfKingSurName], [e].[OtherName], [e].[PasswordHash], [e].[PasswordSalt], [e].[PhoneNo], [e].[Photo], [e].[RecievedOfferLetter], [e].[RefreshToken], [e].[Relationship], [e].[ResetToken], [e].[ResetTokenExpires], [e].[Role], [e].[SoftSkill], [e].[StaffId], [e].[StateOfOrigin], [e].[Surname], [e].[TechnicalSkill], [e].[VerificationToken], [e].[VerifiedAt], [e].[WorkType]
FROM [Employee] AS [e]
WHERE [e].[Id] = @__request_Id_0 
[INF]  Executing OkObjectResult, writing value of type 'HRMSapplication.Response.EmployeeResponse'. 
[INF]  Executed action HRMS.API.Controllers.EmployeeController.GetEmployeeId (HRMS.API) in 611.0184ms 
[INF]  Executed endpoint 'HRMS.API.Controllers.EmployeeController.GetEmployeeId (HRMS.API)' 
[INF]  Request finished HTTP/2 GET https://localhost:7263/api/Employee/byId?Id=b1f78ccc-2ada-4435-a036-08da786c87d8 - - - 200 - application/json;+charset=utf-8 669.0557ms 
[INF]  Request starting HTTP/2 GET https://localhost:7263/api/Employee/byId?Id=b1f78ccc-2ada-4435-a036-08da786c87d8 - - 
[INF]  Executing endpoint 'HRMS.API.Controllers.EmployeeController.GetEmployeeId (HRMS.API)' 
[INF]  Route matched with {action = "GetEmployeeId", controller = "Employee"}. Executing controller action with signature System.Threading.Tasks.Task`1[Microsoft.AspNetCore.Mvc.IActionResult] GetEmployeeId(System.Guid) on controller HRMS.API.Controllers.EmployeeController (HRMS.API). 
[INF]  Entity Framework Core 6.0.7 initialized 'HRMSDbContext' using provider 'Microsoft.EntityFrameworkCore.SqlServer:6.0.7' with options: None 
[INF]  Executed DbCommand (14ms) [Parameters=[@__request_Id_0='?' (DbType = Guid)], CommandType='"Text"', CommandTimeout='30']
SELECT [e].[Id], [e].[ConfirmedStatus], [e].[ContactAddress], [e].[ContractType], [e].[CreateDate], [e].[DOB], [e].[DateEmployed], [e].[DepartmentId], [e].[Email], [e].[FirstName], [e].[Gender], [e].[IsLock], [e].[JobRole], [e].[LastDatePromoted], [e].[LastModifyDate], [e].[ManagerId], [e].[NTry], [e].[Nationality], [e].[NextOfKingAddress], [e].[NextOfKingEmail], [e].[NextOfKingFirstName], [e].[NextOfKingPhoneNo], [e].[NextOfKingSurName], [e].[OtherName], [e].[PasswordHash], [e].[PasswordSalt], [e].[PhoneNo], [e].[Photo], [e].[RecievedOfferLetter], [e].[RefreshToken], [e].[Relationship], [e].[ResetToken], [e].[ResetTokenExpires], [e].[Role], [e].[SoftSkill], [e].[StaffId], [e].[StateOfOrigin], [e].[Surname], [e].[TechnicalSkill], [e].[VerificationToken], [e].[VerifiedAt], [e].[WorkType]
FROM [Employee] AS [e]
WHERE [e].[Id] = @__request_Id_0 
[INF]  Executing OkObjectResult, writing value of type 'HRMSapplication.Response.EmployeeResponse'. 
[INF]  Executed action HRMS.API.Controllers.EmployeeController.GetEmployeeId (HRMS.API) in 70820.3354ms 
[INF]  Executed endpoint 'HRMS.API.Controllers.EmployeeController.GetEmployeeId (HRMS.API)' 
[INF]  Request finished HTTP/2 GET https://localhost:7263/api/Employee/byId?Id=b1f78ccc-2ada-4435-a036-08da786c87d8 - - - 200 - application/json;+charset=utf-8 70872.4692ms 
