[INF]  User profile is available. Using 'C:\Users\dell\AppData\Local\ASP.NET\DataProtection-Keys' as key repository and Windows DPAPI to encrypt keys at rest. 
[INF]  Now listening on: https://localhost:7263 
[INF]  Now listening on: http://localhost:5263 
[INF]  Application started. Press Ctrl+C to shut down. 
[INF]  Hosting environment: Development 
[INF]  Content root path: C:\Users\dell\Desktop\RailWayCleanArchitecture\HRMSApp\HRMS\ 
[INF]  Request starting HTTP/2 GET https://localhost:7263/swagger/index.html - - 
[INF]  Request starting HTTP/2 GET https://localhost:7263/_framework/aspnetcore-browser-refresh.js - - 
[INF]  Request finished HTTP/2 GET https://localhost:7263/_framework/aspnetcore-browser-refresh.js - - - 200 11974 application/javascript;+charset=utf-8 5.0227ms 
[INF]  Request finished HTTP/2 GET https://localhost:7263/swagger/index.html - - - 200 - text/html;charset=utf-8 1510.5928ms 
[INF]  Request starting HTTP/2 GET https://localhost:7263/swagger/v1/swagger.json - - 
[INF]  Request finished HTTP/2 GET https://localhost:7263/swagger/v1/swagger.json - - - 200 - application/json;charset=utf-8 591.1948ms 
[INF]  Request starting HTTP/2 GET https://localhost:7263/api/Employee - - 
[INF]  Executing endpoint 'HRMS.API.Controllers.EmployeeController.GetAll (HRMS.API)' 
[INF]  Route matched with {action = "GetAll", controller = "Employee"}. Executing controller action with signature System.Threading.Tasks.Task`1[Microsoft.AspNetCore.Mvc.IActionResult] GetAll() on controller HRMS.API.Controllers.EmployeeController (HRMS.API). 
[WRN]  No store type was specified for the decimal property 'Allowance' on entity type 'Leave'. This will cause values to be silently truncated if they do not fit in the default precision and scale. Explicitly specify the SQL server column type that can accommodate all the values in 'OnModelCreating' using 'HasColumnType', specify precision and scale using 'HasPrecision', or configure a value converter using 'HasConversion'. 
[INF]  Entity Framework Core 6.0.7 initialized 'HRMSDbContext' using provider 'Microsoft.EntityFrameworkCore.SqlServer:6.0.7' with options: None 
[INF]  Executed DbCommand (153ms) [Parameters=[], CommandType='"Text"', CommandTimeout='30']
SELECT [e].[Id], [e].[ConfirmedStatus], [e].[ContactAddress], [e].[ContractType], [e].[CreateDate], [e].[DOB], [e].[DateEmployed], [e].[DepartmentId], [e].[Email], [e].[FirstName], [e].[Gender], [e].[IsLock], [e].[JobRole], [e].[LastDatePromoted], [e].[LastModifyDate], [e].[ManagerId], [e].[NTry], [e].[Nationality], [e].[NextOfKingAddress], [e].[NextOfKingEmail], [e].[NextOfKingFirstName], [e].[NextOfKingPhoneNo], [e].[NextOfKingSurName], [e].[OtherName], [e].[PasswordHash], [e].[PasswordSalt], [e].[PhoneNo], [e].[Photo], [e].[RecievedOfferLetter], [e].[RefreshToken], [e].[Relationship], [e].[ResetToken], [e].[ResetTokenExpires], [e].[Role], [e].[SoftSkill], [e].[StaffId], [e].[StateOfOrigin], [e].[Surname], [e].[TechnicalSkill], [e].[VerificationToken], [e].[VerifiedAt], [e].[WorkType]
FROM [Employee] AS [e] 
[INF]  Executing OkObjectResult, writing value of type 'System.Collections.Generic.List`1[[HRMSapplication.Response.EmployeeResponse, HRMS.Application, Version=1.0.0.0, Culture=neutral, PublicKeyToken=null]]'. 
[INF]  Executed action HRMS.API.Controllers.EmployeeController.GetAll (HRMS.API) in 5406.2932ms 
[INF]  Executed endpoint 'HRMS.API.Controllers.EmployeeController.GetAll (HRMS.API)' 
[INF]  Request finished HTTP/2 GET https://localhost:7263/api/Employee - - - 200 - application/json;+charset=utf-8 5969.5366ms 
[INF]  Request starting HTTP/2 GET https://localhost:7263/api/Employee/byId?Id=b1f78ccc-2ada-4435-a036-08da786c87d8 - - 
[INF]  Executing endpoint 'HRMS.API.Controllers.EmployeeController.GetEmployeeId (HRMS.API)' 
[INF]  Route matched with {action = "GetEmployeeId", controller = "Employee"}. Executing controller action with signature System.Threading.Tasks.Task`1[Microsoft.AspNetCore.Mvc.IActionResult] GetEmployeeId(System.Guid) on controller HRMS.API.Controllers.EmployeeController (HRMS.API). 
[INF]  Entity Framework Core 6.0.7 initialized 'HRMSDbContext' using provider 'Microsoft.EntityFrameworkCore.SqlServer:6.0.7' with options: None 
[INF]  Executed DbCommand (53ms) [Parameters=[@__get_Item_0='?' (DbType = Guid)], CommandType='"Text"', CommandTimeout='30']
SELECT TOP(1) [e].[Id], [e].[ConfirmedStatus], [e].[ContactAddress], [e].[ContractType], [e].[CreateDate], [e].[DOB], [e].[DateEmployed], [e].[DepartmentId], [e].[Email], [e].[FirstName], [e].[Gender], [e].[IsLock], [e].[JobRole], [e].[LastDatePromoted], [e].[LastModifyDate], [e].[ManagerId], [e].[NTry], [e].[Nationality], [e].[NextOfKingAddress], [e].[NextOfKingEmail], [e].[NextOfKingFirstName], [e].[NextOfKingPhoneNo], [e].[NextOfKingSurName], [e].[OtherName], [e].[PasswordHash], [e].[PasswordSalt], [e].[PhoneNo], [e].[Photo], [e].[RecievedOfferLetter], [e].[RefreshToken], [e].[Relationship], [e].[ResetToken], [e].[ResetTokenExpires], [e].[Role], [e].[SoftSkill], [e].[StaffId], [e].[StateOfOrigin], [e].[Surname], [e].[TechnicalSkill], [e].[VerificationToken], [e].[VerifiedAt], [e].[WorkType]
FROM [Employee] AS [e]
WHERE [e].[Id] = @__get_Item_0 
[INF]  Executing OkObjectResult, writing value of type 'HRMSapplication.Response.EmployeeResponse'. 
[INF]  Executed action HRMS.API.Controllers.EmployeeController.GetEmployeeId (HRMS.API) in 488.9825ms 
[INF]  Executed endpoint 'HRMS.API.Controllers.EmployeeController.GetEmployeeId (HRMS.API)' 
[INF]  Request finished HTTP/2 GET https://localhost:7263/api/Employee/byId?Id=b1f78ccc-2ada-4435-a036-08da786c87d8 - - - 200 - application/json;+charset=utf-8 533.2805ms 
[INF]  User profile is available. Using 'C:\Users\dell\AppData\Local\ASP.NET\DataProtection-Keys' as key repository and Windows DPAPI to encrypt keys at rest. 
[INF]  Now listening on: https://localhost:7263 
[INF]  Now listening on: http://localhost:5263 
[INF]  Application started. Press Ctrl+C to shut down. 
[INF]  Hosting environment: Development 
[INF]  Content root path: C:\Users\dell\Desktop\RailWayCleanArchitecture\HRMSApp\HRMS\ 
[INF]  Request starting HTTP/2 GET https://localhost:7263/swagger/index.html - - 
[INF]  Request finished HTTP/2 GET https://localhost:7263/swagger/index.html - - - 200 - text/html;charset=utf-8 1791.2365ms 
[INF]  Request starting HTTP/2 GET https://localhost:7263/_framework/aspnetcore-browser-refresh.js - - 
[INF]  Request finished HTTP/2 GET https://localhost:7263/_framework/aspnetcore-browser-refresh.js - - - 200 11974 application/javascript;+charset=utf-8 49.5555ms 
[INF]  Request starting HTTP/2 GET https://localhost:7263/swagger/v1/swagger.json - - 
[INF]  Request finished HTTP/2 GET https://localhost:7263/swagger/v1/swagger.json - - - 200 - application/json;charset=utf-8 1573.7853ms 
[INF]  Request starting HTTP/2 GET https://localhost:7263/api/Employee - - 
[INF]  Executing endpoint 'HRMS.API.Controllers.EmployeeController.GetAll (HRMS.API)' 
[INF]  Route matched with {action = "GetAll", controller = "Employee"}. Executing controller action with signature System.Threading.Tasks.Task`1[Microsoft.AspNetCore.Mvc.IActionResult] GetAll() on controller HRMS.API.Controllers.EmployeeController (HRMS.API). 
[WRN]  No store type was specified for the decimal property 'Allowance' on entity type 'Leave'. This will cause values to be silently truncated if they do not fit in the default precision and scale. Explicitly specify the SQL server column type that can accommodate all the values in 'OnModelCreating' using 'HasColumnType', specify precision and scale using 'HasPrecision', or configure a value converter using 'HasConversion'. 
[INF]  Entity Framework Core 6.0.7 initialized 'HRMSDbContext' using provider 'Microsoft.EntityFrameworkCore.SqlServer:6.0.7' with options: None 
[INF]  Executed DbCommand (181ms) [Parameters=[], CommandType='"Text"', CommandTimeout='30']
SELECT [e].[Id], [e].[ConfirmedStatus], [e].[ContactAddress], [e].[ContractType], [e].[CreateDate], [e].[DOB], [e].[DateEmployed], [e].[DepartmentId], [e].[Email], [e].[FirstName], [e].[Gender], [e].[IsLock], [e].[JobRole], [e].[LastDatePromoted], [e].[LastModifyDate], [e].[ManagerId], [e].[NTry], [e].[Nationality], [e].[NextOfKingAddress], [e].[NextOfKingEmail], [e].[NextOfKingFirstName], [e].[NextOfKingPhoneNo], [e].[NextOfKingSurName], [e].[OtherName], [e].[PasswordHash], [e].[PasswordSalt], [e].[PhoneNo], [e].[Photo], [e].[RecievedOfferLetter], [e].[RefreshToken], [e].[Relationship], [e].[ResetToken], [e].[ResetTokenExpires], [e].[Role], [e].[SoftSkill], [e].[StaffId], [e].[StateOfOrigin], [e].[Surname], [e].[TechnicalSkill], [e].[VerificationToken], [e].[VerifiedAt], [e].[WorkType]
FROM [Employee] AS [e] 
[INF]  Executing OkObjectResult, writing value of type 'System.Collections.Generic.List`1[[HRMSapplication.Response.EmployeeResponse, HRMS.Application, Version=1.0.0.0, Culture=neutral, PublicKeyToken=null]]'. 
[INF]  Executed action HRMS.API.Controllers.EmployeeController.GetAll (HRMS.API) in 10386.006ms 
[INF]  Executed endpoint 'HRMS.API.Controllers.EmployeeController.GetAll (HRMS.API)' 
[INF]  Request finished HTTP/2 GET https://localhost:7263/api/Employee - - - 200 - application/json;+charset=utf-8 12901.6965ms 
[INF]  Request starting HTTP/2 GET https://localhost:7263/api/Employee/byId?Id=b1f78ccc-2ada-4435-a036-08da786c87d8 - - 
[INF]  Executing endpoint 'HRMS.API.Controllers.EmployeeController.GetEmployeeId (HRMS.API)' 
[INF]  Route matched with {action = "GetEmployeeId", controller = "Employee"}. Executing controller action with signature System.Threading.Tasks.Task`1[Microsoft.AspNetCore.Mvc.IActionResult] GetEmployeeId(System.Guid) on controller HRMS.API.Controllers.EmployeeController (HRMS.API). 
[INF]  Entity Framework Core 6.0.7 initialized 'HRMSDbContext' using provider 'Microsoft.EntityFrameworkCore.SqlServer:6.0.7' with options: None 
[INF]  Executed DbCommand (187ms) [Parameters=[@__get_Item_0='?' (DbType = Guid)], CommandType='"Text"', CommandTimeout='30']
SELECT TOP(1) [e].[Id], [e].[ConfirmedStatus], [e].[ContactAddress], [e].[ContractType], [e].[CreateDate], [e].[DOB], [e].[DateEmployed], [e].[DepartmentId], [e].[Email], [e].[FirstName], [e].[Gender], [e].[IsLock], [e].[JobRole], [e].[LastDatePromoted], [e].[LastModifyDate], [e].[ManagerId], [e].[NTry], [e].[Nationality], [e].[NextOfKingAddress], [e].[NextOfKingEmail], [e].[NextOfKingFirstName], [e].[NextOfKingPhoneNo], [e].[NextOfKingSurName], [e].[OtherName], [e].[PasswordHash], [e].[PasswordSalt], [e].[PhoneNo], [e].[Photo], [e].[RecievedOfferLetter], [e].[RefreshToken], [e].[Relationship], [e].[ResetToken], [e].[ResetTokenExpires], [e].[Role], [e].[SoftSkill], [e].[StaffId], [e].[StateOfOrigin], [e].[Surname], [e].[TechnicalSkill], [e].[VerificationToken], [e].[VerifiedAt], [e].[WorkType]
FROM [Employee] AS [e]
WHERE [e].[Id] = @__get_Item_0 
[INF]  Executing OkObjectResult, writing value of type 'HRMSapplication.Response.EmployeeResponse'. 
[INF]  Executed action HRMS.API.Controllers.EmployeeController.GetEmployeeId (HRMS.API) in 735.9002ms 
[INF]  Executed endpoint 'HRMS.API.Controllers.EmployeeController.GetEmployeeId (HRMS.API)' 
[INF]  Request finished HTTP/2 GET https://localhost:7263/api/Employee/byId?Id=b1f78ccc-2ada-4435-a036-08da786c87d8 - - - 200 - application/json;+charset=utf-8 799.3764ms 
[INF]  User profile is available. Using 'C:\Users\dell\AppData\Local\ASP.NET\DataProtection-Keys' as key repository and Windows DPAPI to encrypt keys at rest. 
[INF]  Now listening on: https://localhost:7263 
[INF]  Now listening on: http://localhost:5263 
[INF]  Application started. Press Ctrl+C to shut down. 
[INF]  Hosting environment: Development 
[INF]  Content root path: C:\Users\dell\Desktop\RailWayCleanArchitecture\HRMSApp\HRMS\ 
[INF]  Request starting HTTP/2 GET https://localhost:7263/swagger/index.html - - 
[INF]  Request starting HTTP/2 GET https://localhost:7263/_framework/aspnetcore-browser-refresh.js - - 
[INF]  Request finished HTTP/2 GET https://localhost:7263/swagger/index.html - - - 200 - text/html;charset=utf-8 1667.4726ms 
[INF]  Request finished HTTP/2 GET https://localhost:7263/_framework/aspnetcore-browser-refresh.js - - - 200 11974 application/javascript;+charset=utf-8 59.7929ms 
[INF]  Request starting HTTP/2 GET https://localhost:7263/swagger/v1/swagger.json - - 
[INF]  Request finished HTTP/2 GET https://localhost:7263/swagger/v1/swagger.json - - - 200 - application/json;charset=utf-8 1741.4801ms 
[INF]  Request starting HTTP/2 GET https://localhost:7263/api/Employee - - 
[INF]  Executing endpoint 'HRMS.API.Controllers.EmployeeController.GetAll (HRMS.API)' 
[INF]  Route matched with {action = "GetAll", controller = "Employee"}. Executing controller action with signature System.Threading.Tasks.Task`1[Microsoft.AspNetCore.Mvc.IActionResult] GetAll() on controller HRMS.API.Controllers.EmployeeController (HRMS.API). 
[WRN]  No store type was specified for the decimal property 'Allowance' on entity type 'Leave'. This will cause values to be silently truncated if they do not fit in the default precision and scale. Explicitly specify the SQL server column type that can accommodate all the values in 'OnModelCreating' using 'HasColumnType', specify precision and scale using 'HasPrecision', or configure a value converter using 'HasConversion'. 
[INF]  Entity Framework Core 6.0.7 initialized 'HRMSDbContext' using provider 'Microsoft.EntityFrameworkCore.SqlServer:6.0.7' with options: None 
[INF]  Executed DbCommand (182ms) [Parameters=[], CommandType='"Text"', CommandTimeout='30']
SELECT [e].[Id], [e].[ConfirmedStatus], [e].[ContactAddress], [e].[ContractType], [e].[CreateDate], [e].[DOB], [e].[DateEmployed], [e].[DepartmentId], [e].[Email], [e].[FirstName], [e].[Gender], [e].[IsLock], [e].[JobRole], [e].[LastDatePromoted], [e].[LastModifyDate], [e].[ManagerId], [e].[NTry], [e].[Nationality], [e].[NextOfKingAddress], [e].[NextOfKingEmail], [e].[NextOfKingFirstName], [e].[NextOfKingPhoneNo], [e].[NextOfKingSurName], [e].[OtherName], [e].[PasswordHash], [e].[PasswordSalt], [e].[PhoneNo], [e].[Photo], [e].[RecievedOfferLetter], [e].[RefreshToken], [e].[Relationship], [e].[ResetToken], [e].[ResetTokenExpires], [e].[Role], [e].[SoftSkill], [e].[StaffId], [e].[StateOfOrigin], [e].[Surname], [e].[TechnicalSkill], [e].[VerificationToken], [e].[VerifiedAt], [e].[WorkType]
FROM [Employee] AS [e] 
[INF]  Executing OkObjectResult, writing value of type 'System.Collections.Generic.List`1[[HRMSapplication.Response.EmployeeResponse, HRMS.Application, Version=1.0.0.0, Culture=neutral, PublicKeyToken=null]]'. 
[INF]  Executed action HRMS.API.Controllers.EmployeeController.GetAll (HRMS.API) in 6305.1231ms 
[INF]  Executed endpoint 'HRMS.API.Controllers.EmployeeController.GetAll (HRMS.API)' 
[INF]  Request finished HTTP/2 GET https://localhost:7263/api/Employee - - - 200 - application/json;+charset=utf-8 6903.4453ms 
