[INF]  User profile is available. Using 'C:\Users\dell\AppData\Local\ASP.NET\DataProtection-Keys' as key repository and Windows DPAPI to encrypt keys at rest. 
[INF]  Now listening on: https://localhost:7263 
[INF]  Now listening on: http://localhost:5263 
[INF]  Application started. Press Ctrl+C to shut down. 
[INF]  Hosting environment: Development 
[INF]  Content root path: C:\Users\dell\Desktop\RailWayCleanArchitecture\HRMSApp\HRMS\ 
[INF]  Request starting HTTP/2 GET https://localhost:7263/swagger/index.html - - 
[INF]  Request starting HTTP/2 GET https://localhost:7263/_framework/aspnetcore-browser-refresh.js - - 
[INF]  Request starting HTTP/2 GET https://localhost:7263/swagger/swagger-ui-bundle.js - - 
[INF]  Request starting HTTP/2 GET https://localhost:7263/swagger/swagger-ui.css - - 
[INF]  Request finished HTTP/2 GET https://localhost:7263/swagger/index.html - - - 200 - text/html;charset=utf-8 1069.3996ms 
[INF]  Request finished HTTP/2 GET https://localhost:7263/_framework/aspnetcore-browser-refresh.js - - - 200 11974 application/javascript;+charset=utf-8 3.6283ms 
[INF]  Request starting HTTP/2 GET https://localhost:7263/swagger/swagger-ui-standalone-preset.js - - 
[INF]  The file /swagger-ui-bundle.js was not modified 
[INF]  The file /swagger-ui.css was not modified 
[INF]  The file /swagger-ui-standalone-preset.js was not modified 
[INF]  Request finished HTTP/2 GET https://localhost:7263/swagger/swagger-ui.css - - - 304 - text/css 284.4061ms 
[INF]  Request finished HTTP/2 GET https://localhost:7263/swagger/swagger-ui-standalone-preset.js - - - 304 - application/javascript 63.4687ms 
[INF]  Request finished HTTP/2 GET https://localhost:7263/swagger/swagger-ui-bundle.js - - - 304 - application/javascript 327.6408ms 
[INF]  Request starting HTTP/2 GET https://localhost:7263/swagger/v1/swagger.json - - 
[INF]  Request finished HTTP/2 GET https://localhost:7263/swagger/v1/swagger.json - - - 200 - application/json;charset=utf-8 387.4962ms 
[INF]  Request starting HTTP/2 POST https://localhost:7263/api/Employee application/json 60 
[INF]  CORS policy execution successful. 
[INF]  Executing endpoint 'HRMS.API.Controllers.EmployeeController.Create (HRMS.API)' 
[INF]  Route matched with {action = "Create", controller = "Employee"}. Executing controller action with signature System.Threading.Tasks.Task`1[Microsoft.AspNetCore.Mvc.IActionResult] Create(HRMSapplication.Commands.CreateEmployee.CreateEmployeeCommand) on controller HRMS.API.Controllers.EmployeeController (HRMS.API). 
[WRN]  No store type was specified for the decimal property 'Allowance' on entity type 'Leave'. This will cause values to be silently truncated if they do not fit in the default precision and scale. Explicitly specify the SQL server column type that can accommodate all the values in 'OnModelCreating' using 'HasColumnType', specify precision and scale using 'HasPrecision', or configure a value converter using 'HasConversion'. 
[INF]  Entity Framework Core 6.0.7 initialized 'HRMSDbContext' using provider 'Microsoft.EntityFrameworkCore.SqlServer:6.0.7' with options: None 
[INF]  Executed DbCommand (242ms) [Parameters=[@__employee_Email_0='?' (Size = 4000)], CommandType='"Text"', CommandTimeout='30']
SELECT CASE
    WHEN EXISTS (
        SELECT 1
        FROM [Employee] AS [e]
        WHERE [e].[Email] = @__employee_Email_0) THEN CAST(1 AS bit)
    ELSE CAST(0 AS bit)
END 
[ERR]  Failed executing DbCommand (263ms) [Parameters=[@p0='?' (DbType = Guid), @p1='?' (DbType = Boolean), @p2='?' (Size = 4000), @p3='?' (DbType = Int32), @p4='?' (DbType = DateTime2), @p5='?' (DbType = DateTime2), @p6='?' (DbType = DateTime2), @p7='?' (DbType = Guid), @p8='?' (Size = 4000), @p9='?' (Size = 50), @p10='?' (DbType = Int32), @p11='?' (DbType = Boolean), @p12='?' (DbType = Int32), @p13='?' (DbType = DateTime2), @p14='?' (DbType = DateTime2), @p15='?' (DbType = Guid), @p16='?' (DbType = Int32), @p17='?' (Size = 4000), @p18='?' (Size = 4000), @p19='?' (Size = 4000), @p20='?' (Size = 4000), @p21='?' (Size = 4000), @p22='?' (Size = 4000), @p23='?' (Size = 50), @p24='?' (Size = 8000) (DbType = Binary), @p25='?' (Size = 4000), @p26='?' (Size = 8000) (DbType = Binary), @p27='?' (Size = 4000), @p28='?' (Size = 8000) (DbType = Binary), @p29='?' (DbType = Boolean), @p30='?' (Size = 4000), @p31='?' (DbType = Int32), @p32='?' (DbType = DateTime2), @p33='?' (DbType = Int32), @p34='?' (Size = 4000), @p35='?' (Size = 4000), @p36='?' (Size = 4000), @p37='?' (Size = 50), @p38='?' (Size = 4000), @p39='?' (Size = 4000), @p40='?' (DbType = DateTime2), @p41='?' (DbType = Int32)], CommandType='"Text"', CommandTimeout='30']
SET NOCOUNT ON;
INSERT INTO [Employee] ([Id], [ConfirmedStatus], [ContactAddress], [ContractType], [CreateDate], [DOB], [DateEmployed], [DepartmentId], [Email], [FirstName], [Gender], [IsLock], [JobRole], [LastDatePromoted], [LastModifyDate], [ManagerId], [NTry], [Nationality], [NextOfKingAddress], [NextOfKingEmail], [NextOfKingFirstName], [NextOfKingPhoneNo], [NextOfKingSurName], [OtherName], [PasswordHash], [PasswordResetToken], [PasswordSalt], [PhoneNo], [Photo], [RecievedOfferLetter], [RefreshToken], [Relationship], [ResetTokenExpires], [Role], [SoftSkill], [StaffId], [StateOfOrigin], [Surname], [TechnicalSkill], [VerificationToken], [VerifiedAt], [WorkType])
VALUES (@p0, @p1, @p2, @p3, @p4, @p5, @p6, @p7, @p8, @p9, @p10, @p11, @p12, @p13, @p14, @p15, @p16, @p17, @p18, @p19, @p20, @p21, @p22, @p23, @p24, @p25, @p26, @p27, @p28, @p29, @p30, @p31, @p32, @p33, @p34, @p35, @p36, @p37, @p38, @p39, @p40, @p41); 
[ERR]  An exception occurred in the database while saving changes for context type 'HRMSinfrastructure.Data.HRMSDbContext'.
Microsoft.EntityFrameworkCore.DbUpdateException: An error occurred while saving the entity changes. See the inner exception for details.
 ---> Microsoft.Data.SqlClient.SqlException (0x80131904): Invalid column name 'PasswordResetToken'.
Invalid column name 'ResetTokenExpires'.
Invalid column name 'VerificationToken'.
Invalid column name 'VerifiedAt'.
   at Microsoft.Data.SqlClient.SqlCommand.<>c.<ExecuteDbDataReaderAsync>b__188_0(Task`1 result)
   at System.Threading.Tasks.ContinuationResultTaskFromResultTask`2.InnerInvoke()
   at System.Threading.Tasks.Task.<>c.<.cctor>b__272_0(Object obj)
   at System.Threading.ExecutionContext.RunInternal(ExecutionContext executionContext, ContextCallback callback, Object state)
--- End of stack trace from previous location ---
   at System.Threading.Tasks.Task.ExecuteWithThreadLocal(Task& currentTaskSlot, Thread threadPoolThread)
--- End of stack trace from previous location ---
   at Microsoft.EntityFrameworkCore.Storage.RelationalCommand.ExecuteReaderAsync(RelationalCommandParameterObject parameterObject, CancellationToken cancellationToken)
   at Microsoft.EntityFrameworkCore.Storage.RelationalCommand.ExecuteReaderAsync(RelationalCommandParameterObject parameterObject, CancellationToken cancellationToken)
   at Microsoft.EntityFrameworkCore.Update.ReaderModificationCommandBatch.ExecuteAsync(IRelationalConnection connection, CancellationToken cancellationToken)
ClientConnectionId:411f3d72-cc4f-437d-a0d4-3f051f459a65
Error Number:207,State:1,Class:16
   --- End of inner exception stack trace ---
   at Microsoft.EntityFrameworkCore.Update.ReaderModificationCommandBatch.ExecuteAsync(IRelationalConnection connection, CancellationToken cancellationToken)
   at Microsoft.EntityFrameworkCore.Update.Internal.BatchExecutor.ExecuteAsync(IEnumerable`1 commandBatches, IRelationalConnection connection, CancellationToken cancellationToken)
   at Microsoft.EntityFrameworkCore.Update.Internal.BatchExecutor.ExecuteAsync(IEnumerable`1 commandBatches, IRelationalConnection connection, CancellationToken cancellationToken)
   at Microsoft.EntityFrameworkCore.Update.Internal.BatchExecutor.ExecuteAsync(IEnumerable`1 commandBatches, IRelationalConnection connection, CancellationToken cancellationToken)
   at Microsoft.EntityFrameworkCore.ChangeTracking.Internal.StateManager.SaveChangesAsync(IList`1 entriesToSave, CancellationToken cancellationToken)
   at Microsoft.EntityFrameworkCore.ChangeTracking.Internal.StateManager.SaveChangesAsync(StateManager stateManager, Boolean acceptAllChangesOnSuccess, CancellationToken cancellationToken)
   at Microsoft.EntityFrameworkCore.SqlServer.Storage.Internal.SqlServerExecutionStrategy.ExecuteAsync[TState,TResult](TState state, Func`4 operation, Func`4 verifySucceeded, CancellationToken cancellationToken)
   at Microsoft.EntityFrameworkCore.DbContext.SaveChangesAsync(Boolean acceptAllChangesOnSuccess, CancellationToken cancellationToken) 
Microsoft.EntityFrameworkCore.DbUpdateException: An error occurred while saving the entity changes. See the inner exception for details.
 ---> Microsoft.Data.SqlClient.SqlException (0x80131904): Invalid column name 'PasswordResetToken'.
Invalid column name 'ResetTokenExpires'.
Invalid column name 'VerificationToken'.
Invalid column name 'VerifiedAt'.
   at Microsoft.Data.SqlClient.SqlCommand.<>c.<ExecuteDbDataReaderAsync>b__188_0(Task`1 result)
   at System.Threading.Tasks.ContinuationResultTaskFromResultTask`2.InnerInvoke()
   at System.Threading.Tasks.Task.<>c.<.cctor>b__272_0(Object obj)
   at System.Threading.ExecutionContext.RunInternal(ExecutionContext executionContext, ContextCallback callback, Object state)
--- End of stack trace from previous location ---
   at System.Threading.Tasks.Task.ExecuteWithThreadLocal(Task& currentTaskSlot, Thread threadPoolThread)
--- End of stack trace from previous location ---
   at Microsoft.EntityFrameworkCore.Storage.RelationalCommand.ExecuteReaderAsync(RelationalCommandParameterObject parameterObject, CancellationToken cancellationToken)
   at Microsoft.EntityFrameworkCore.Storage.RelationalCommand.ExecuteReaderAsync(RelationalCommandParameterObject parameterObject, CancellationToken cancellationToken)
   at Microsoft.EntityFrameworkCore.Update.ReaderModificationCommandBatch.ExecuteAsync(IRelationalConnection connection, CancellationToken cancellationToken)
ClientConnectionId:411f3d72-cc4f-437d-a0d4-3f051f459a65
Error Number:207,State:1,Class:16
   --- End of inner exception stack trace ---
   at Microsoft.EntityFrameworkCore.Update.ReaderModificationCommandBatch.ExecuteAsync(IRelationalConnection connection, CancellationToken cancellationToken)
   at Microsoft.EntityFrameworkCore.Update.Internal.BatchExecutor.ExecuteAsync(IEnumerable`1 commandBatches, IRelationalConnection connection, CancellationToken cancellationToken)
   at Microsoft.EntityFrameworkCore.Update.Internal.BatchExecutor.ExecuteAsync(IEnumerable`1 commandBatches, IRelationalConnection connection, CancellationToken cancellationToken)
   at Microsoft.EntityFrameworkCore.Update.Internal.BatchExecutor.ExecuteAsync(IEnumerable`1 commandBatches, IRelationalConnection connection, CancellationToken cancellationToken)
   at Microsoft.EntityFrameworkCore.ChangeTracking.Internal.StateManager.SaveChangesAsync(IList`1 entriesToSave, CancellationToken cancellationToken)
   at Microsoft.EntityFrameworkCore.ChangeTracking.Internal.StateManager.SaveChangesAsync(StateManager stateManager, Boolean acceptAllChangesOnSuccess, CancellationToken cancellationToken)
   at Microsoft.EntityFrameworkCore.SqlServer.Storage.Internal.SqlServerExecutionStrategy.ExecuteAsync[TState,TResult](TState state, Func`4 operation, Func`4 verifySucceeded, CancellationToken cancellationToken)
   at Microsoft.EntityFrameworkCore.DbContext.SaveChangesAsync(Boolean acceptAllChangesOnSuccess, CancellationToken cancellationToken)
[INF]  Executed action HRMS.API.Controllers.EmployeeController.Create (HRMS.API) in 56181.7559ms 
[INF]  Executed endpoint 'HRMS.API.Controllers.EmployeeController.Create (HRMS.API)' 
[ERR]  Something went wrong: Microsoft.EntityFrameworkCore.DbUpdateException: An error occurred while saving the entity changes. See the inner exception for details.
 ---> Microsoft.Data.SqlClient.SqlException (0x80131904): Invalid column name 'PasswordResetToken'.
Invalid column name 'ResetTokenExpires'.
Invalid column name 'VerificationToken'.
Invalid column name 'VerifiedAt'.
   at Microsoft.Data.SqlClient.SqlCommand.<>c.<ExecuteDbDataReaderAsync>b__188_0(Task`1 result)
   at System.Threading.Tasks.ContinuationResultTaskFromResultTask`2.InnerInvoke()
   at System.Threading.Tasks.Task.<>c.<.cctor>b__272_0(Object obj)
   at System.Threading.ExecutionContext.RunInternal(ExecutionContext executionContext, ContextCallback callback, Object state)
--- End of stack trace from previous location ---
   at System.Threading.Tasks.Task.ExecuteWithThreadLocal(Task& currentTaskSlot, Thread threadPoolThread)
--- End of stack trace from previous location ---
   at Microsoft.EntityFrameworkCore.Storage.RelationalCommand.ExecuteReaderAsync(RelationalCommandParameterObject parameterObject, CancellationToken cancellationToken)
   at Microsoft.EntityFrameworkCore.Storage.RelationalCommand.ExecuteReaderAsync(RelationalCommandParameterObject parameterObject, CancellationToken cancellationToken)
   at Microsoft.EntityFrameworkCore.Update.ReaderModificationCommandBatch.ExecuteAsync(IRelationalConnection connection, CancellationToken cancellationToken)
ClientConnectionId:411f3d72-cc4f-437d-a0d4-3f051f459a65
Error Number:207,State:1,Class:16
   --- End of inner exception stack trace ---
   at Microsoft.EntityFrameworkCore.Update.ReaderModificationCommandBatch.ExecuteAsync(IRelationalConnection connection, CancellationToken cancellationToken)
   at Microsoft.EntityFrameworkCore.Update.Internal.BatchExecutor.ExecuteAsync(IEnumerable`1 commandBatches, IRelationalConnection connection, CancellationToken cancellationToken)
   at Microsoft.EntityFrameworkCore.Update.Internal.BatchExecutor.ExecuteAsync(IEnumerable`1 commandBatches, IRelationalConnection connection, CancellationToken cancellationToken)
   at Microsoft.EntityFrameworkCore.Update.Internal.BatchExecutor.ExecuteAsync(IEnumerable`1 commandBatches, IRelationalConnection connection, CancellationToken cancellationToken)
   at Microsoft.EntityFrameworkCore.ChangeTracking.Internal.StateManager.SaveChangesAsync(IList`1 entriesToSave, CancellationToken cancellationToken)
   at Microsoft.EntityFrameworkCore.ChangeTracking.Internal.StateManager.SaveChangesAsync(StateManager stateManager, Boolean acceptAllChangesOnSuccess, CancellationToken cancellationToken)
   at Microsoft.EntityFrameworkCore.SqlServer.Storage.Internal.SqlServerExecutionStrategy.ExecuteAsync[TState,TResult](TState state, Func`4 operation, Func`4 verifySucceeded, CancellationToken cancellationToken)
   at Microsoft.EntityFrameworkCore.DbContext.SaveChangesAsync(Boolean acceptAllChangesOnSuccess, CancellationToken cancellationToken)
   at Microsoft.EntityFrameworkCore.DbContext.SaveChangesAsync(Boolean acceptAllChangesOnSuccess, CancellationToken cancellationToken)
   at HRMSinfrastructure.Repositories.CommandRepo.BaseRepo.BaseRepo`1.Complete() in C:\Users\dell\Desktop\RailWayCleanArchitecture\HRMSApp\HRMSinfrastructure\Repositories\BaseRepo\BaseRepo.cs:line 43
   at HRMSapplication.Commands.CreateEmployee.CreateEmployeeCommandHandler.Handle(CreateEmployeeCommand request, CancellationToken cancellationToken) in C:\Users\dell\Desktop\RailWayCleanArchitecture\HRMSApp\HRMSapplication\Services\Employee\Commands\CreateEmployee\CreateEmployeeCommandHandler.cs:line 35
   at MediatR.Pipeline.RequestExceptionProcessorBehavior`2.Handle(TRequest request, CancellationToken cancellationToken, RequestHandlerDelegate`1 next)
   at MediatR.Pipeline.RequestExceptionProcessorBehavior`2.Handle(TRequest request, CancellationToken cancellationToken, RequestHandlerDelegate`1 next)
   at MediatR.Pipeline.RequestExceptionActionProcessorBehavior`2.Handle(TRequest request, CancellationToken cancellationToken, RequestHandlerDelegate`1 next)
   at MediatR.Pipeline.RequestExceptionActionProcessorBehavior`2.Handle(TRequest request, CancellationToken cancellationToken, RequestHandlerDelegate`1 next)
   at MediatR.Pipeline.RequestPostProcessorBehavior`2.Handle(TRequest request, CancellationToken cancellationToken, RequestHandlerDelegate`1 next)
   at MediatR.Pipeline.RequestPreProcessorBehavior`2.Handle(TRequest request, CancellationToken cancellationToken, RequestHandlerDelegate`1 next)
   at HRMS.API.Controllers.EmployeeController.Create(CreateEmployeeCommand employee) in C:\Users\dell\Desktop\RailWayCleanArchitecture\HRMSApp\HRMS\Controllers\EmployeeController.cs:line 35
   at Microsoft.AspNetCore.Mvc.Infrastructure.ActionMethodExecutor.TaskOfIActionResultExecutor.Execute(IActionResultTypeMapper mapper, ObjectMethodExecutor executor, Object controller, Object[] arguments)
   at Microsoft.AspNetCore.Mvc.Infrastructure.ControllerActionInvoker.<InvokeActionMethodAsync>g__Awaited|12_0(ControllerActionInvoker invoker, ValueTask`1 actionResultValueTask)
   at Microsoft.AspNetCore.Mvc.Infrastructure.ControllerActionInvoker.<InvokeNextActionFilterAsync>g__Awaited|10_0(ControllerActionInvoker invoker, Task lastTask, State next, Scope scope, Object state, Boolean isCompleted)
   at Microsoft.AspNetCore.Mvc.Infrastructure.ControllerActionInvoker.Rethrow(ActionExecutedContextSealed context)
   at Microsoft.AspNetCore.Mvc.Infrastructure.ControllerActionInvoker.Next(State& next, Scope& scope, Object& state, Boolean& isCompleted)
   at Microsoft.AspNetCore.Mvc.Infrastructure.ControllerActionInvoker.<InvokeInnerFilterAsync>g__Awaited|13_0(ControllerActionInvoker invoker, Task lastTask, State next, Scope scope, Object state, Boolean isCompleted)
   at Microsoft.AspNetCore.Mvc.Infrastructure.ResourceInvoker.<InvokeFilterPipelineAsync>g__Awaited|20_0(ResourceInvoker invoker, Task lastTask, State next, Scope scope, Object state, Boolean isCompleted)
   at Microsoft.AspNetCore.Mvc.Infrastructure.ResourceInvoker.<InvokeAsync>g__Logged|17_1(ResourceInvoker invoker)
   at Microsoft.AspNetCore.Mvc.Infrastructure.ResourceInvoker.<InvokeAsync>g__Logged|17_1(ResourceInvoker invoker)
   at Microsoft.AspNetCore.Routing.EndpointMiddleware.<Invoke>g__AwaitRequestTask|6_0(Endpoint endpoint, Task requestTask, ILogger logger)
   at Microsoft.AspNetCore.Authorization.AuthorizationMiddleware.Invoke(HttpContext context)
   at Microsoft.AspNetCore.Authentication.AuthenticationMiddleware.Invoke(HttpContext context)
   at HRMS.API.ExceptionHandling.ExceptionMiddleware.Invoke(HttpContext context) in C:\Users\dell\Desktop\RailWayCleanArchitecture\HRMSApp\HRMS\ExceptionHandling\ExceptionMiddleware.cs:line 19 
[INF]  Request finished HTTP/2 POST https://localhost:7263/api/Employee application/json 60 - 500 - application/json 59118.6711ms 
